# JRE version: OpenJDK Runtime Environment Temurin-17.0.1+12 (17.0.1+12) (build 17.0.1+12)
# Java VM: OpenJDK 64-Bit Server VM Temurin-17.0.1+12 (17.0.1+12, mixed mode, tiered, compressed oops, compressed class ptrs, parallel gc, windows-amd64)
GC Precious Log:
 CPUs: 8 total, 8 available
 Memory: 8072M
 Large Page Support: Disabled
 NUMA Support: Disabled
 Compressed Oops: Enabled (32-bit)
 Alignments: Space 512K, Generation 512K, Heap 2M
 Heap Min Capacity: 100M
 Heap Initial Capacity: 100M
 Heap Max Capacity: 1G
 Pre-touch: Disabled
 Parallel Workers: 8
Heap:
 PSYoungGen      total 24576K, used 15487K [0x00000000eab00000, 0x00000000ec780000, 0x0000000100000000)
  eden space 22016K, 59% used [0x00000000eab00000,0x00000000eb7e4478,0x00000000ec080000)
  from space 2560K, 89% used [0x00000000ec500000,0x00000000ec73bb10,0x00000000ec780000)
  to   space 2560K, 0% used [0x00000000ec280000,0x00000000ec280000,0x00000000ec500000)
 ParOldGen       total 68608K, used 24922K [0x00000000c0000000, 0x00000000c4300000, 0x00000000eab00000)
  object space 68608K, 36% used [0x00000000c0000000,0x00000000c1856910,0x00000000c4300000)
 Metaspace       used 46267K, committed 46976K, reserved 1097728K
  class space    used 5037K, committed 5312K, reserved 1048576K
GC Heap History (20 events):
Event: 2.584 GC heap before
{Heap before GC invocations=5 (full 1):
 PSYoungGen      total 29696K, used 25600K [0x00000000eab00000, 0x00000000ecc00000, 0x0000000100000000)
  eden space 25600K, 100% used [0x00000000eab00000,0x00000000ec400000,0x00000000ec400000)
  from space 4096K, 0% used [0x00000000ec400000,0x00000000ec400000,0x00000000ec800000)
  to   space 4096K, 0% used [0x00000000ec800000,0x00000000ec800000,0x00000000ecc00000)
 ParOldGen       total 68608K, used 9600K [0x00000000c0000000, 0x00000000c4300000, 0x00000000eab00000)
  object space 68608K, 13% used [0x00000000c0000000,0x00000000c0960260,0x00000000c4300000)
 Metaspace       used 27839K, committed 28352K, reserved 1081344K
  class space    used 2721K, committed 2944K, reserved 1048576K
}
Event: 2.585 GC heap after
{Heap after GC invocations=5 (full 1):
 PSYoungGen      total 29696K, used 1516K [0x00000000eab00000, 0x00000000ecc00000, 0x0000000100000000)
  eden space 25600K, 0% used [0x00000000eab00000,0x00000000eab00000,0x00000000ec400000)
  from space 4096K, 37% used [0x00000000ec800000,0x00000000ec97b270,0x00000000ecc00000)
  to   space 4096K, 0% used [0x00000000ec400000,0x00000000ec400000,0x00000000ec800000)
 ParOldGen       total 68608K, used 9608K [0x00000000c0000000, 0x00000000c4300000, 0x00000000eab00000)
  object space 68608K, 14% used [0x00000000c0000000,0x00000000c0962260,0x00000000c4300000)
 Metaspace       used 27839K, committed 28352K, reserved 1081344K
  class space    used 2721K, committed 2944K, reserved 1048576K
}
Event: 3.394 GC heap before
{Heap before GC invocations=6 (full 1):
 PSYoungGen      total 29696K, used 27116K [0x00000000eab00000, 0x00000000ecc00000, 0x0000000100000000)
  eden space 25600K, 100% used [0x00000000eab00000,0x00000000ec400000,0x00000000ec400000)
  from space 4096K, 37% used [0x00000000ec800000,0x00000000ec97b270,0x00000000ecc00000)
  to   space 4096K, 0% used [0x00000000ec400000,0x00000000ec400000,0x00000000ec800000)
 ParOldGen       total 68608K, used 9608K [0x00000000c0000000, 0x00000000c4300000, 0x00000000eab00000)
  object space 68608K, 14% used [0x00000000c0000000,0x00000000c0962260,0x00000000c4300000)
 Metaspace       used 35084K, committed 35712K, reserved 1081344K
  class space    used 3694K, committed 3968K, reserved 1048576K
}
Event: 3.397 GC heap after
{Heap after GC invocations=6 (full 1):
 PSYoungGen      total 29184K, used 4084K [0x00000000eab00000, 0x00000000ece80000, 0x0000000100000000)
  eden space 25088K, 0% used [0x00000000eab00000,0x00000000eab00000,0x00000000ec380000)
  from space 4096K, 99% used [0x00000000ec400000,0x00000000ec7fd298,0x00000000ec800000)
  to   space 5632K, 0% used [0x00000000ec900000,0x00000000ec900000,0x00000000ece80000)
 ParOldGen       total 68608K, used 10088K [0x00000000c0000000, 0x00000000c4300000, 0x00000000eab00000)
  object space 68608K, 14% used [0x00000000c0000000,0x00000000c09da2b0,0x00000000c4300000)
 Metaspace       used 35084K, committed 35712K, reserved 1081344K
  class space    used 3694K, committed 3968K, reserved 1048576K
}
Event: 3.414 GC heap before
{Heap before GC invocations=7 (full 1):
 PSYoungGen      total 29184K, used 4756K [0x00000000eab00000, 0x00000000ece80000, 0x0000000100000000)
  eden space 25088K, 2% used [0x00000000eab00000,0x00000000eaba8078,0x00000000ec380000)
  from space 4096K, 99% used [0x00000000ec400000,0x00000000ec7fd298,0x00000000ec800000)
  to   space 5632K, 0% used [0x00000000ec900000,0x00000000ec900000,0x00000000ece80000)
 ParOldGen       total 68608K, used 10088K [0x00000000c0000000, 0x00000000c4300000, 0x00000000eab00000)
  object space 68608K, 14% used [0x00000000c0000000,0x00000000c09da2b0,0x00000000c4300000)
 Metaspace       used 35234K, committed 35840K, reserved 1081344K
  class space    used 3705K, committed 3968K, reserved 1048576K
}
Event: 3.416 GC heap after
{Heap after GC invocations=7 (full 1):
 PSYoungGen      total 29696K, used 4555K [0x00000000eab00000, 0x00000000ecd80000, 0x0000000100000000)
  eden space 25088K, 0% used [0x00000000eab00000,0x00000000eab00000,0x00000000ec380000)
  from space 4608K, 98% used [0x00000000ec900000,0x00000000ecd72dd8,0x00000000ecd80000)
  to   space 5120K, 0% used [0x00000000ec380000,0x00000000ec380000,0x00000000ec880000)
 ParOldGen       total 68608K, used 10096K [0x00000000c0000000, 0x00000000c4300000, 0x00000000eab00000)
  object space 68608K, 14% used [0x00000000c0000000,0x00000000c09dc2b0,0x00000000c4300000)
 Metaspace       used 35234K, committed 35840K, reserved 1081344K
  class space    used 3705K, committed 3968K, reserved 1048576K
}
Event: 3.416 GC heap before
{Heap before GC invocations=8 (full 2):
 PSYoungGen      total 29696K, used 4555K [0x00000000eab00000, 0x00000000ecd80000, 0x0000000100000000)
  eden space 25088K, 0% used [0x00000000eab00000,0x00000000eab00000,0x00000000ec380000)
  from space 4608K, 98% used [0x00000000ec900000,0x00000000ecd72dd8,0x00000000ecd80000)
  to   space 5120K, 0% used [0x00000000ec380000,0x00000000ec380000,0x00000000ec880000)
 ParOldGen       total 68608K, used 10096K [0x00000000c0000000, 0x00000000c4300000, 0x00000000eab00000)
  object space 68608K, 14% used [0x00000000c0000000,0x00000000c09dc2b0,0x00000000c4300000)
 Metaspace       used 35234K, committed 35840K, reserved 1081344K
  class space    used 3705K, committed 3968K, reserved 1048576K
}
Event: 3.438 GC heap after
{Heap after GC invocations=8 (full 2):
 PSYoungGen      total 29696K, used 0K [0x00000000eab00000, 0x00000000ecd80000, 0x0000000100000000)
  eden space 25088K, 0% used [0x00000000eab00000,0x00000000eab00000,0x00000000ec380000)
  from space 4608K, 0% used [0x00000000ec900000,0x00000000ec900000,0x00000000ecd80000)
  to   space 5120K, 0% used [0x00000000ec380000,0x00000000ec380000,0x00000000ec880000)
 ParOldGen       total 68608K, used 13016K [0x00000000c0000000, 0x00000000c4300000, 0x00000000eab00000)
  object space 68608K, 18% used [0x00000000c0000000,0x00000000c0cb6160,0x00000000c4300000)
 Metaspace       used 35234K, committed 35840K, reserved 1081344K
  class space    used 3705K, committed 3968K, reserved 1048576K
}
Event: 3.952 GC heap before
{Heap before GC invocations=9 (full 2):
 PSYoungGen      total 29696K, used 25088K [0x00000000eab00000, 0x00000000ecd80000, 0x0000000100000000)
  eden space 25088K, 100% used [0x00000000eab00000,0x00000000ec380000,0x00000000ec380000)
  from space 4608K, 0% used [0x00000000ec900000,0x00000000ec900000,0x00000000ecd80000)
  to   space 5120K, 0% used [0x00000000ec380000,0x00000000ec380000,0x00000000ec880000)
 ParOldGen       total 68608K, used 13016K [0x00000000c0000000, 0x00000000c4300000, 0x00000000eab00000)
  object space 68608K, 18% used [0x00000000c0000000,0x00000000c0cb6160,0x00000000c4300000)
 Metaspace       used 37474K, committed 38208K, reserved 1089536K
  class space    used 3976K, committed 4288K, reserved 1048576K
}
Event: 3.956 GC heap after
{Heap after GC invocations=9 (full 2):
 PSYoungGen      total 27648K, used 2656K [0x00000000eab00000, 0x00000000eca00000, 0x0000000100000000)
  eden space 24576K, 0% used [0x00000000eab00000,0x00000000eab00000,0x00000000ec300000)
  from space 3072K, 86% used [0x00000000ec380000,0x00000000ec618020,0x00000000ec680000)
  to   space 3584K, 0% used [0x00000000ec680000,0x00000000ec680000,0x00000000eca00000)
 ParOldGen       total 68608K, used 13024K [0x00000000c0000000, 0x00000000c4300000, 0x00000000eab00000)
  object space 68608K, 18% used [0x00000000c0000000,0x00000000c0cb8160,0x00000000c4300000)
 Metaspace       used 37474K, committed 38208K, reserved 1089536K
  class space    used 3976K, committed 4288K, reserved 1048576K
}
Event: 4.216 GC heap before
{Heap before GC invocations=10 (full 2):
 PSYoungGen      total 27648K, used 27232K [0x00000000eab00000, 0x00000000eca00000, 0x0000000100000000)
  eden space 24576K, 100% used [0x00000000eab00000,0x00000000ec300000,0x00000000ec300000)
  from space 3072K, 86% used [0x00000000ec380000,0x00000000ec618020,0x00000000ec680000)
  to   space 3584K, 0% used [0x00000000ec680000,0x00000000ec680000,0x00000000eca00000)
 ParOldGen       total 68608K, used 13026K [0x00000000c0000000, 0x00000000c4300000, 0x00000000eab00000)
  object space 68608K, 18% used [0x00000000c0000000,0x00000000c0cb8ae8,0x00000000c4300000)
 Metaspace       used 38289K, committed 39040K, reserved 1089536K
  class space    used 4089K, committed 4416K, reserved 1048576K
}
Event: 4.221 GC heap after
{Heap after GC invocations=10 (full 2):
 PSYoungGen      total 26624K, used 3552K [0x00000000eab00000, 0x00000000ecc80000, 0x0000000100000000)
  eden space 23040K, 0% used [0x00000000eab00000,0x00000000eab00000,0x00000000ec180000)
  from space 3584K, 99% used [0x00000000ec680000,0x00000000ec9f8010,0x00000000eca00000)
  to   space 5120K, 0% used [0x00000000ec180000,0x00000000ec180000,0x00000000ec680000)
 ParOldGen       total 68608K, used 14162K [0x00000000c0000000, 0x00000000c4300000, 0x00000000eab00000)
  object space 68608K, 20% used [0x00000000c0000000,0x00000000c0dd4af8,0x00000000c4300000)
 Metaspace       used 38289K, committed 39040K, reserved 1089536K
  class space    used 4089K, committed 4416K, reserved 1048576K
}
Event: 4.358 GC heap before
{Heap before GC invocations=11 (full 2):
 PSYoungGen      total 26624K, used 26592K [0x00000000eab00000, 0x00000000ecc80000, 0x0000000100000000)
  eden space 23040K, 100% used [0x00000000eab00000,0x00000000ec180000,0x00000000ec180000)
  from space 3584K, 99% used [0x00000000ec680000,0x00000000ec9f8010,0x00000000eca00000)
  to   space 5120K, 0% used [0x00000000ec180000,0x00000000ec180000,0x00000000ec680000)
 ParOldGen       total 68608K, used 14162K [0x00000000c0000000, 0x00000000c4300000, 0x00000000eab00000)
  object space 68608K, 20% used [0x00000000c0000000,0x00000000c0dd4af8,0x00000000c4300000)
 Metaspace       used 38660K, committed 39360K, reserved 1089536K
  class space    used 4152K, committed 4480K, reserved 1048576K
}
Event: 4.363 GC heap after
{Heap after GC invocations=11 (full 2):
 PSYoungGen      total 27648K, used 5088K [0x00000000eab00000, 0x00000000ecf00000, 0x0000000100000000)
  eden space 22528K, 0% used [0x00000000eab00000,0x00000000eab00000,0x00000000ec100000)
  from space 5120K, 99% used [0x00000000ec180000,0x00000000ec678010,0x00000000ec680000)
  to   space 7168K, 0% used [0x00000000ec800000,0x00000000ec800000,0x00000000ecf00000)
 ParOldGen       total 68608K, used 15418K [0x00000000c0000000, 0x00000000c4300000, 0x00000000eab00000)
  object space 68608K, 22% used [0x00000000c0000000,0x00000000c0f0eb08,0x00000000c4300000)
 Metaspace       used 38660K, committed 39360K, reserved 1089536K
  class space    used 4152K, committed 4480K, reserved 1048576K
}
Event: 4.435 GC heap before
{Heap before GC invocations=12 (full 2):
 PSYoungGen      total 27648K, used 27616K [0x00000000eab00000, 0x00000000ecf00000, 0x0000000100000000)
  eden space 22528K, 100% used [0x00000000eab00000,0x00000000ec100000,0x00000000ec100000)
  from space 5120K, 99% used [0x00000000ec180000,0x00000000ec678010,0x00000000ec680000)
  to   space 7168K, 0% used [0x00000000ec800000,0x00000000ec800000,0x00000000ecf00000)
 ParOldGen       total 68608K, used 15418K [0x00000000c0000000, 0x00000000c4300000, 0x00000000eab00000)
  object space 68608K, 22% used [0x00000000c0000000,0x00000000c0f0eb08,0x00000000c4300000)
 Metaspace       used 39082K, committed 39744K, reserved 1089536K
  class space    used 4193K, committed 4480K, reserved 1048576K
}
Event: 4.445 GC heap after
{Heap after GC invocations=12 (full 2):
 PSYoungGen      total 26624K, used 4320K [0x00000000eab00000, 0x00000000ecc80000, 0x0000000100000000)
  eden space 22016K, 0% used [0x00000000eab00000,0x00000000eab00000,0x00000000ec080000)
  from space 4608K, 93% used [0x00000000ec800000,0x00000000ecc38010,0x00000000ecc80000)
  to   space 5120K, 0% used [0x00000000ec280000,0x00000000ec280000,0x00000000ec780000)
 ParOldGen       total 68608K, used 18816K [0x00000000c0000000, 0x00000000c4300000, 0x00000000eab00000)
  object space 68608K, 27% used [0x00000000c0000000,0x00000000c1260170,0x00000000c4300000)
 Metaspace       used 39082K, committed 39744K, reserved 1089536K
  class space    used 4193K, committed 4480K, reserved 1048576K
}
Event: 4.528 GC heap before
{Heap before GC invocations=13 (full 2):
 PSYoungGen      total 26624K, used 26336K [0x00000000eab00000, 0x00000000ecc80000, 0x0000000100000000)
  eden space 22016K, 100% used [0x00000000eab00000,0x00000000ec080000,0x00000000ec080000)
  from space 4608K, 93% used [0x00000000ec800000,0x00000000ecc38010,0x00000000ecc80000)
  to   space 5120K, 0% used [0x00000000ec280000,0x00000000ec280000,0x00000000ec780000)
 ParOldGen       total 68608K, used 18816K [0x00000000c0000000, 0x00000000c4300000, 0x00000000eab00000)
  object space 68608K, 27% used [0x00000000c0000000,0x00000000c1260170,0x00000000c4300000)
 Metaspace       used 39371K, committed 40064K, reserved 1089536K
  class space    used 4221K, committed 4544K, reserved 1048576K
}
Event: 4.534 GC heap after
{Heap after GC invocations=13 (full 2):
 PSYoungGen      total 24576K, used 2316K [0x00000000eab00000, 0x00000000ec880000, 0x0000000100000000)
  eden space 22016K, 0% used [0x00000000eab00000,0x00000000eab00000,0x00000000ec080000)
  from space 2560K, 90% used [0x00000000ec280000,0x00000000ec4c3250,0x00000000ec500000)
  to   space 3584K, 0% used [0x00000000ec500000,0x00000000ec500000,0x00000000ec880000)
 ParOldGen       total 68608K, used 22804K [0x00000000c0000000, 0x00000000c4300000, 0x00000000eab00000)
  object space 68608K, 33% used [0x00000000c0000000,0x00000000c1645080,0x00000000c4300000)
 Metaspace       used 39371K, committed 40064K, reserved 1089536K
  class space    used 4221K, committed 4544K, reserved 1048576K
}
Event: 4.886 GC heap before
{Heap before GC invocations=14 (full 2):
 PSYoungGen      total 24576K, used 24332K [0x00000000eab00000, 0x00000000ec880000, 0x0000000100000000)
  eden space 22016K, 100% used [0x00000000eab00000,0x00000000ec080000,0x00000000ec080000)
  from space 2560K, 90% used [0x00000000ec280000,0x00000000ec4c3250,0x00000000ec500000)
  to   space 3584K, 0% used [0x00000000ec500000,0x00000000ec500000,0x00000000ec880000)
 ParOldGen       total 68608K, used 22804K [0x00000000c0000000, 0x00000000c4300000, 0x00000000eab00000)
  object space 68608K, 33% used [0x00000000c0000000,0x00000000c1645080,0x00000000c4300000)
 Metaspace       used 42274K, committed 42944K, reserved 1089536K
  class space    used 4555K, committed 4864K, reserved 1048576K
}
Event: 4.890 GC heap after
{Heap after GC invocations=14 (full 2):
 PSYoungGen      total 24576K, used 2286K [0x00000000eab00000, 0x00000000ec780000, 0x0000000100000000)
  eden space 22016K, 0% used [0x00000000eab00000,0x00000000eab00000,0x00000000ec080000)
  from space 2560K, 89% used [0x00000000ec500000,0x00000000ec73bb10,0x00000000ec780000)
  to   space 2560K, 0% used [0x00000000ec280000,0x00000000ec280000,0x00000000ec500000)
 ParOldGen       total 68608K, used 24922K [0x00000000c0000000, 0x00000000c4300000, 0x00000000eab00000)
  object space 68608K, 36% used [0x00000000c0000000,0x00000000c1856910,0x00000000c4300000)
 Metaspace       used 42274K, committed 42944K, reserved 1089536K
  class space    used 4555K, committed 4864K, reserved 1048576K
}

